Size: 11, depth: 2
     a   b   c   d   e   f   g   h   i   j   k
   +---+---+---+---+---+---+---+---+---+---+---+
 1 |   |   |   |   |   |   |   |   |   |   |   |
   +---+---+---+---+---+---+---+---+---+---+---+
 2 |   |   |   |   |   |   |   |   |   |   |   |
   +---+---+---+---+---+---+---+---+---+---+---+
 3 |   |   |   |   |   |   |   |   |   |   |   |
   +---+---+---+---+---+---+---+---+---+---+---+
 4 |   |   |   |   |   |   |   |   |   |   |   |
   +---+---+---+---+---+---+---+---+---+---+---+
 5 |   |   |   |   |   |   |   |   |   |   |   |
   +---+---+---+---+---+---+---+---+---+---+---+
 6 |   |   |   |   |   |   |   |   |   |   |   |
   +---+---+---+---+---+---+---+---+---+---+---+
 7 |   |   |   |   |   |   |   |   |   |   |   |
   +---+---+---+---+---+---+---+---+---+---+---+
 8 |   |   |   |   |   |   |   |   |   |   |   |
   +---+---+---+---+---+---+---+---+---+---+---+
 9 |   |   |   |   |   |   |   |   |   |   |   |
   +---+---+---+---+---+---+---+---+---+---+---+
10 |   |   |   |   |   |   |   |   |   |   |   |
   +---+---+---+---+---+---+---+---+---+---+---+
11 |   |   |   |   |   |   |   |   |   |   |   |
   +---+---+---+---+---+---+---+---+---+---+---+
Move played: --
Dark player (COM) plays now
Dark player (COM) is calculating its next move... (this might take up to 30 seconds)
     a   b   c   d   e   f   g   h   i   j   k
   +---+---+---+---+---+---+---+---+---+---+---+
 1 |   |   |   |   |   |   |   |   |   |   |   |
   +---+---+---+---+---+---+---+---+---+---+---+
 2 |   |   |   |   |   |   |   |   |   |   |   |
   +---+---+---+---+---+---+---+---+---+---+---+
 3 |   |   |   |   |   |   |   |   |   |   |   |
   +---+---+---+---+---+---+---+---+---+---+---+
 4 |   |   |   |   |   |   |   |   |   |   |   |
   +---+---+---+---+---+---+---+---+---+---+---+
 5 |   |   |   |   |   |   |   |   |   |   |   |
   +---+---+---+---+---+---+---+---+---+---+---+
 6 |   |   |   |   |   |   |   | D |   |   |   |
   +---+---+---+---+---+---+---+---+---+---+---+
 7 |   |   |   |   |   |   |   |   |   |   |   |
   +---+---+---+---+---+---+---+---+---+---+---+
 8 |   |   |   |   |   |   |   |   |   |   |   |
   +---+---+---+---+---+---+---+---+---+---+---+
 9 |   |   |   |   |   |   |   |   |   |   |   |
   +---+---+---+---+---+---+---+---+---+---+---+
10 |   |   |   |   |   |   |   |   |   |   |   |
   +---+---+---+---+---+---+---+---+---+---+---+
11 |   |   |   |   |   |   |   |   |   |   |   |
   +---+---+---+---+---+---+---+---+---+---+---+
Move played: h6
